android_bluno_demo_app-master/build/outputs/logs/manifest-merger-debug-report.txt
-- Merging decision tree log ---
manifest
ADDED from JONG\android_bluno_demo_app-master\AndroidManifest.xml:3:1-39:12
INJECTED from JONG\android_bluno_demo_app-master\AndroidManifest.xml:3:1-39:12
INJECTED from JONG\android_bluno_demo_app-master\AndroidManifest.xml:3:1-39:12
MERGED from [com.github.PhilJay:MPAndroidChart:v3.1.0] AndroidManifest.xml:2:1-20:12
INJECTED from JONG\android_bluno_demo_app-master\AndroidManifest.xml:3:1-39:12
INJECTED from JONG\android_bluno_demo_app-master\AndroidManifest.xml:3:1-39:12
	package
		ADDED from JONG\android_bluno_demo_app-master\AndroidManifest.xml:4:5-54
	android:versionName
		ADDED from JONG\android_bluno_demo_app-master\AndroidManifest.xml:6:5-30
		INJECTED from JONG\android_bluno_demo_app-master\AndroidManifest.xml
		INJECTED from JONG\android_bluno_demo_app-master\AndroidManifest.xml
	xmlns:android
		ADDED from JONG\android_bluno_demo_app-master\AndroidManifest.xml:3:11-69
	android:versionCode
		ADDED from JONG\android_bluno_demo_app-master\AndroidManifest.xml:5:5-28
		INJECTED from JONG\android_bluno_demo_app-master\AndroidManifest.xml
		INJECTED from JONG\android_bluno_demo_app-master\AndroidManifest.xml
uses-sdk
ADDED from JONG\android_bluno_demo_app-master\AndroidManifest.xml:8:5-74
MERGED from [com.github.PhilJay:MPAndroidChart:v3.1.0] AndroidManifest.xml:16:5-18:41
MERGED from [com.github.PhilJay:MPAndroidChart:v3.1.0] AndroidManifest.xml:16:5-18:41
	android:targetSdkVersion
		ADDED from JONG\android_bluno_demo_app-master\AndroidManifest.xml:8:42-71
	android:minSdkVersion
		ADDED from JONG\android_bluno_demo_app-master\AndroidManifest.xml:8:15-41
uses-feature#android.hardware.bluetooth_le
ADDED from JONG\android_bluno_demo_app-master\AndroidManifest.xml:10:5-89
	android:required
		ADDED from JONG\android_bluno_demo_app-master\AndroidManifest.xml:10:64-87
	android:name
		ADDED from JONG\android_bluno_demo_app-master\AndroidManifest.xml:10:19-63
uses-permission#android.permission.INTERNET
ADDED from JONG\android_bluno_demo_app-master\AndroidManifest.xml:12:5-67
	android:name
		ADDED from JONG\android_bluno_demo_app-master\AndroidManifest.xml:12:22-64
uses-permission#android.permission.BLUETOOTH
ADDED from JONG\android_bluno_demo_app-master\AndroidManifest.xml:13:5-67
	android:name
		ADDED from JONG\android_bluno_demo_app-master\AndroidManifest.xml:13:22-65
uses-permission#android.permission.BLUETOOTH_ADMIN
ADDED from JONG\android_bluno_demo_app-master\AndroidManifest.xml:14:5-73
	android:name
		ADDED from JONG\android_bluno_demo_app-master\AndroidManifest.xml:14:22-71
uses-permission#android.permission.WRITE_EXTERNAL_STORAGE
ADDED from JONG\android_bluno_demo_app-master\AndroidManifest.xml:15:5-81
	android:name
		ADDED from JONG\android_bluno_demo_app-master\AndroidManifest.xml:15:22-78
uses-permission#android.permission.READ_EXTERNAL_STORAGE
ADDED from JONG\android_bluno_demo_app-master\AndroidManifest.xml:16:5-80
	android:name
		ADDED from JONG\android_bluno_demo_app-master\AndroidManifest.xml:16:22-77
application
ADDED from JONG\android_bluno_demo_app-master\AndroidManifest.xml:18:5-37:19
	android:label
		ADDED from JONG\android_bluno_demo_app-master\AndroidManifest.xml:18:18-50
	android:hardwareAccelerated
		ADDED from JONG\android_bluno_demo_app-master\AndroidManifest.xml:20:9-44
	android:theme
		ADDED from JONG\android_bluno_demo_app-master\AndroidManifest.xml:19:9-56
activity#net.craigiebabe.android.bluetoothlegatt.LogActivity
ADDED from JONG\android_bluno_demo_app-master\AndroidManifest.xml:22:9-23:42
	android:name
		ADDED from JONG\android_bluno_demo_app-master\AndroidManifest.xml:23:13-40
activity#net.craigiebabe.android.bluetoothlegatt.DeviceScanActivity
ADDED from JONG\android_bluno_demo_app-master\AndroidManifest.xml:24:9-31:20
	android:label
		ADDED from JONG\android_bluno_demo_app-master\AndroidManifest.xml:26:13-45
	android:name
		ADDED from JONG\android_bluno_demo_app-master\AndroidManifest.xml:25:13-47
intent-filter#android.intent.action.MAIN+android.intent.category.LAUNCHER
ADDED from JONG\android_bluno_demo_app-master\AndroidManifest.xml:27:13-30:29
action#android.intent.action.MAIN
ADDED from JONG\android_bluno_demo_app-master\AndroidManifest.xml:28:17-69
	android:name
		ADDED from JONG\android_bluno_demo_app-master\AndroidManifest.xml:28:25-66
category#android.intent.category.LAUNCHER
ADDED from JONG\android_bluno_demo_app-master\AndroidManifest.xml:29:17-77
	android:name
		ADDED from JONG\android_bluno_demo_app-master\AndroidManifest.xml:29:27-74
activity#net.craigiebabe.android.bluetoothlegatt.DeviceControlActivity
ADDED from JONG\android_bluno_demo_app-master\AndroidManifest.xml:33:9-58
	android:name
		ADDED from JONG\android_bluno_demo_app-master\AndroidManifest.xml:33:19-56
service#net.craigiebabe.android.bluetoothlegatt.BluetoothLeService
ADDED from JONG\android_bluno_demo_app-master\AndroidManifest.xml:35:9-77
	android:enabled
		ADDED from JONG\android_bluno_demo_app-master\AndroidManifest.xml:35:53-75
	android:name
		ADDED from JONG\android_bluno_demo_app-master\AndroidManifest.xml:35:18-52